<?xml version="1.0" encoding="UTF-8"?>
<testsuite xmlns:xsi="http://www.w3.org/2001/XMLSchema-instance" xsi:noNamespaceSchemaLocation="https://maven.apache.org/surefire/maven-failsafe-plugin/xsd/failsafe-test-report.xsd" name="starter.CucumberTestSuite" time="14.784" tests="17" errors="0" skipped="0" failures="2">
  <properties>
    <property name="java.specification.version" value="17"/>
    <property name="sun.jnu.encoding" value="UTF-8"/>
    <property name="java.class.path" value="/home/hafidz/Documents/Belajar/Alterra_Qualiry_Engineer/QE_Muhammad_Hafidz/Miniproject/Restful API Testing/Test/target/test-classes:/home/hafidz/Documents/Belajar/Alterra_Qualiry_Engineer/QE_Muhammad_Hafidz/Miniproject/Restful API Testing/Test/target/rest-assured-bdd-starter-1.0-SNAPSHOT.jar:/home/hafidz/.m2/repository/ch/qos/logback/logback-classic/1.4.12/logback-classic-1.4.12.jar:/home/hafidz/.m2/repository/ch/qos/logback/logback-core/1.4.12/logback-core-1.4.12.jar:/home/hafidz/.m2/repository/org/slf4j/slf4j-api/2.0.7/slf4j-api-2.0.7.jar:/home/hafidz/.m2/repository/org/json/json/20231013/json-20231013.jar:/home/hafidz/.m2/repository/net/serenity-bdd/serenity-core/4.1.4/serenity-core-4.1.4.jar:/home/hafidz/.m2/repository/net/serenity-bdd/serenity-model/4.1.4/serenity-model-4.1.4.jar:/home/hafidz/.m2/repository/org/apache/commons/commons-text/1.11.0/commons-text-1.11.0.jar:/home/hafidz/.m2/repository/commons-net/commons-net/3.10.0/commons-net-3.10.0.jar:/home/hafidz/.m2/repository/org/jsoup/jsoup/1.15.4/jsoup-1.15.4.jar:/home/hafidz/.m2/repository/com/thoughtworks/xstream/xstream/1.4.20/xstream-1.4.20.jar:/home/hafidz/.m2/repository/io/github/x-stream/mxparser/1.2.2/mxparser-1.2.2.jar:/home/hafidz/.m2/repository/xmlpull/xmlpull/1.1.3.1/xmlpull-1.1.3.1.jar:/home/hafidz/.m2/repository/com/typesafe/config/1.4.3/config-1.4.3.jar:/home/hafidz/.m2/repository/org/imgscalr/imgscalr-lib/4.2/imgscalr-lib-4.2.jar:/home/hafidz/.m2/repository/org/awaitility/awaitility/4.2.0/awaitility-4.2.0.jar:/home/hafidz/.m2/repository/org/freemarker/freemarker/2.3.32/freemarker-2.3.32.jar:/home/hafidz/.m2/repository/io/github/classgraph/classgraph/4.8.157/classgraph-4.8.157.jar:/home/hafidz/.m2/repository/com/github/ben-manes/caffeine/caffeine/2.9.2/caffeine-2.9.2.jar:/home/hafidz/.m2/repository/org/ehcache/ehcache/3.10.8/ehcache-3.10.8.jar:/home/hafidz/.m2/repository/javax/cache/cache-api/1.1.0/cache-api-1.1.0.jar:/home/hafidz/.m2/repository/net/sourceforge/jexcelapi/jxl/2.6.12/jxl-2.6.12.jar:/home/hafidz/.m2/repository/net/bytebuddy/byte-buddy-agent/1.14.12/byte-buddy-agent-1.14.12.jar:/home/hafidz/.m2/repository/org/objenesis/objenesis/3.3/objenesis-3.3.jar:/home/hafidz/.m2/repository/com/vladsch/flexmark/flexmark-all/0.64.8/flexmark-all-0.64.8.jar:/home/hafidz/.m2/repository/com/vladsch/flexmark/flexmark/0.64.8/flexmark-0.64.8.jar:/home/hafidz/.m2/repository/com/vladsch/flexmark/flexmark-ext-abbreviation/0.64.8/flexmark-ext-abbreviation-0.64.8.jar:/home/hafidz/.m2/repository/com/vladsch/flexmark/flexmark-ext-admonition/0.64.8/flexmark-ext-admonition-0.64.8.jar:/home/hafidz/.m2/repository/com/vladsch/flexmark/flexmark-ext-anchorlink/0.64.8/flexmark-ext-anchorlink-0.64.8.jar:/home/hafidz/.m2/repository/com/vladsch/flexmark/flexmark-ext-aside/0.64.8/flexmark-ext-aside-0.64.8.jar:/home/hafidz/.m2/repository/com/vladsch/flexmark/flexmark-ext-attributes/0.64.8/flexmark-ext-attributes-0.64.8.jar:/home/hafidz/.m2/repository/com/vladsch/flexmark/flexmark-ext-autolink/0.64.8/flexmark-ext-autolink-0.64.8.jar:/home/hafidz/.m2/repository/org/nibor/autolink/autolink/0.6.0/autolink-0.6.0.jar:/home/hafidz/.m2/repository/com/vladsch/flexmark/flexmark-ext-definition/0.64.8/flexmark-ext-definition-0.64.8.jar:/home/hafidz/.m2/repository/com/vladsch/flexmark/flexmark-ext-emoji/0.64.8/flexmark-ext-emoji-0.64.8.jar:/home/hafidz/.m2/repository/com/vladsch/flexmark/flexmark-ext-enumerated-reference/0.64.8/flexmark-ext-enumerated-reference-0.64.8.jar:/home/hafidz/.m2/repository/com/vladsch/flexmark/flexmark-ext-escaped-character/0.64.8/flexmark-ext-escaped-character-0.64.8.jar:/home/hafidz/.m2/repository/com/vladsch/flexmark/flexmark-ext-footnotes/0.64.8/flexmark-ext-footnotes-0.64.8.jar:/home/hafidz/.m2/repository/com/vladsch/flexmark/flexmark-ext-gfm-issues/0.64.8/flexmark-ext-gfm-issues-0.64.8.jar:/home/hafidz/.m2/repository/com/vladsch/flexmark/flexmark-ext-gfm-strikethrough/0.64.8/flexmark-ext-gfm-strikethrough-0.64.8.jar:/home/hafidz/.m2/repository/com/vladsch/flexmark/flexmark-ext-gfm-tasklist/0.64.8/flexmark-ext-gfm-tasklist-0.64.8.jar:/home/hafidz/.m2/repository/com/vladsch/flexmark/flexmark-ext-gfm-users/0.64.8/flexmark-ext-gfm-users-0.64.8.jar:/home/hafidz/.m2/repository/com/vladsch/flexmark/flexmark-ext-gitlab/0.64.8/flexmark-ext-gitlab-0.64.8.jar:/home/hafidz/.m2/repository/com/vladsch/flexmark/flexmark-ext-jekyll-front-matter/0.64.8/flexmark-ext-jekyll-front-matter-0.64.8.jar:/home/hafidz/.m2/repository/com/vladsch/flexmark/flexmark-ext-jekyll-tag/0.64.8/flexmark-ext-jekyll-tag-0.64.8.jar:/home/hafidz/.m2/repository/com/vladsch/flexmark/flexmark-ext-media-tags/0.64.8/flexmark-ext-media-tags-0.64.8.jar:/home/hafidz/.m2/repository/com/vladsch/flexmark/flexmark-ext-macros/0.64.8/flexmark-ext-macros-0.64.8.jar:/home/hafidz/.m2/repository/com/vladsch/flexmark/flexmark-ext-ins/0.64.8/flexmark-ext-ins-0.64.8.jar:/home/hafidz/.m2/repository/com/vladsch/flexmark/flexmark-ext-xwiki-macros/0.64.8/flexmark-ext-xwiki-macros-0.64.8.jar:/home/hafidz/.m2/repository/com/vladsch/flexmark/flexmark-ext-superscript/0.64.8/flexmark-ext-superscript-0.64.8.jar:/home/hafidz/.m2/repository/com/vladsch/flexmark/flexmark-ext-toc/0.64.8/flexmark-ext-toc-0.64.8.jar:/home/hafidz/.m2/repository/com/vladsch/flexmark/flexmark-ext-typographic/0.64.8/flexmark-ext-typographic-0.64.8.jar:/home/hafidz/.m2/repository/com/vladsch/flexmark/flexmark-ext-wikilink/0.64.8/flexmark-ext-wikilink-0.64.8.jar:/home/hafidz/.m2/repository/com/vladsch/flexmark/flexmark-ext-yaml-front-matter/0.64.8/flexmark-ext-yaml-front-matter-0.64.8.jar:/home/hafidz/.m2/repository/com/vladsch/flexmark/flexmark-ext-youtube-embedded/0.64.8/flexmark-ext-youtube-embedded-0.64.8.jar:/home/hafidz/.m2/repository/com/vladsch/flexmark/flexmark-html2md-converter/0.64.8/flexmark-html2md-converter-0.64.8.jar:/home/hafidz/.m2/repository/com/vladsch/flexmark/flexmark-jira-converter/0.64.8/flexmark-jira-converter-0.64.8.jar:/home/hafidz/.m2/repository/com/vladsch/flexmark/flexmark-pdf-converter/0.64.8/flexmark-pdf-converter-0.64.8.jar:/home/hafidz/.m2/repository/com/openhtmltopdf/openhtmltopdf-core/1.0.10/openhtmltopdf-core-1.0.10.jar:/home/hafidz/.m2/repository/com/openhtmltopdf/openhtmltopdf-pdfbox/1.0.10/openhtmltopdf-pdfbox-1.0.10.jar:/home/hafidz/.m2/repository/org/apache/pdfbox/pdfbox/2.0.24/pdfbox-2.0.24.jar:/home/hafidz/.m2/repository/org/apache/pdfbox/fontbox/2.0.24/fontbox-2.0.24.jar:/home/hafidz/.m2/repository/org/apache/pdfbox/xmpbox/2.0.24/xmpbox-2.0.24.jar:/home/hafidz/.m2/repository/de/rototor/pdfbox/graphics2d/0.32/graphics2d-0.32.jar:/home/hafidz/.m2/repository/com/openhtmltopdf/openhtmltopdf-rtl-support/1.0.10/openhtmltopdf-rtl-support-1.0.10.jar:/home/hafidz/.m2/repository/com/vladsch/flexmark/flexmark-profile-pegdown/0.64.8/flexmark-profile-pegdown-0.64.8.jar:/home/hafidz/.m2/repository/com/vladsch/flexmark/flexmark-util-ast/0.64.8/flexmark-util-ast-0.64.8.jar:/home/hafidz/.m2/repository/org/jetbrains/annotations/24.0.1/annotations-24.0.1.jar:/home/hafidz/.m2/repository/com/vladsch/flexmark/flexmark-util-builder/0.64.8/flexmark-util-builder-0.64.8.jar:/home/hafidz/.m2/repository/com/vladsch/flexmark/flexmark-util-collection/0.64.8/flexmark-util-collection-0.64.8.jar:/home/hafidz/.m2/repository/com/vladsch/flexmark/flexmark-util-data/0.64.8/flexmark-util-data-0.64.8.jar:/home/hafidz/.m2/repository/com/vladsch/flexmark/flexmark-util-dependency/0.64.8/flexmark-util-dependency-0.64.8.jar:/home/hafidz/.m2/repository/com/vladsch/flexmark/flexmark-util-format/0.64.8/flexmark-util-format-0.64.8.jar:/home/hafidz/.m2/repository/com/vladsch/flexmark/flexmark-util-html/0.64.8/flexmark-util-html-0.64.8.jar:/home/hafidz/.m2/repository/com/vladsch/flexmark/flexmark-util-misc/0.64.8/flexmark-util-misc-0.64.8.jar:/home/hafidz/.m2/repository/com/vladsch/flexmark/flexmark-util-options/0.64.8/flexmark-util-options-0.64.8.jar:/home/hafidz/.m2/repository/com/vladsch/flexmark/flexmark-util-sequence/0.64.8/flexmark-util-sequence-0.64.8.jar:/home/hafidz/.m2/repository/com/vladsch/flexmark/flexmark-util-visitor/0.64.8/flexmark-util-visitor-0.64.8.jar:/home/hafidz/.m2/repository/com/vladsch/flexmark/flexmark-youtrack-converter/0.64.8/flexmark-youtrack-converter-0.64.8.jar:/home/hafidz/.m2/repository/com/vladsch/flexmark/flexmark-ext-resizable-image/0.64.8/flexmark-ext-resizable-image-0.64.8.jar:/home/hafidz/.m2/repository/com/vladsch/flexmark/flexmark-ext-tables/0.64.8/flexmark-ext-tables-0.64.8.jar:/home/hafidz/.m2/repository/com/vladsch/flexmark/flexmark-util/0.64.8/flexmark-util-0.64.8.jar:/home/hafidz/.m2/repository/net/serenity-bdd/serenity-reports/4.1.4/serenity-reports-4.1.4.jar:/home/hafidz/.m2/repository/net/serenity-bdd/serenity-stats/4.1.4/serenity-stats-4.1.4.jar:/home/hafidz/.m2/repository/org/jetbrains/kotlin/kotlin-stdlib/1.9.0/kotlin-stdlib-1.9.0.jar:/home/hafidz/.m2/repository/org/jetbrains/kotlin/kotlin-stdlib-common/1.9.0/kotlin-stdlib-common-1.9.0.jar:/home/hafidz/.m2/repository/net/serenity-bdd/serenity-reports-configuration/4.1.4/serenity-reports-configuration-4.1.4.jar:/home/hafidz/.m2/repository/com/ibm/icu/icu4j/72.1/icu4j-72.1.jar:/home/hafidz/.m2/repository/es/nitaur/markdown/txtmark/0.16/txtmark-0.16.jar:/home/hafidz/.m2/repository/net/serenity-bdd/serenity-report-resources/4.1.4/serenity-report-resources-4.1.4.jar:/home/hafidz/.m2/repository/com/google/code/gson/gson/2.10.1/gson-2.10.1.jar:/home/hafidz/.m2/repository/com/fasterxml/jackson/core/jackson-core/2.16.0/jackson-core-2.16.0.jar:/home/hafidz/.m2/repository/com/fasterxml/jackson/core/jackson-databind/2.16.0/jackson-databind-2.16.0.jar:/home/hafidz/.m2/repository/com/fasterxml/jackson/core/jackson-annotations/2.16.0/jackson-annotations-2.16.0.jar:/home/hafidz/.m2/repository/commons-codec/commons-codec/1.16.0/commons-codec-1.16.0.jar:/home/hafidz/.m2/repository/commons-io/commons-io/2.15.1/commons-io-2.15.1.jar:/home/hafidz/.m2/repository/org/apache/httpcomponents/httpclient/4.5.13/httpclient-4.5.13.jar:/home/hafidz/.m2/repository/org/apache/httpcomponents/httpcore/4.4.13/httpcore-4.4.13.jar:/home/hafidz/.m2/repository/org/seleniumhq/selenium/selenium-java/4.18.1/selenium-java-4.18.1.jar:/home/hafidz/.m2/repository/org/seleniumhq/selenium/selenium-devtools-v120/4.18.1/selenium-devtools-v120-4.18.1.jar:/home/hafidz/.m2/repository/org/seleniumhq/selenium/selenium-devtools-v121/4.18.1/selenium-devtools-v121-4.18.1.jar:/home/hafidz/.m2/repository/org/seleniumhq/selenium/selenium-devtools-v122/4.18.1/selenium-devtools-v122-4.18.1.jar:/home/hafidz/.m2/repository/org/seleniumhq/selenium/selenium-devtools-v85/4.18.1/selenium-devtools-v85-4.18.1.jar:/home/hafidz/.m2/repository/org/seleniumhq/selenium/selenium-remote-driver/4.18.1/selenium-remote-driver-4.18.1.jar:/home/hafidz/.m2/repository/io/opentelemetry/semconv/opentelemetry-semconv/1.23.1-alpha/opentelemetry-semconv-1.23.1-alpha.jar:/home/hafidz/.m2/repository/io/opentelemetry/opentelemetry-api/1.35.0/opentelemetry-api-1.35.0.jar:/home/hafidz/.m2/repository/io/opentelemetry/opentelemetry-context/1.35.0/opentelemetry-context-1.35.0.jar:/home/hafidz/.m2/repository/io/opentelemetry/opentelemetry-exporter-logging/1.35.0/opentelemetry-exporter-logging-1.35.0.jar:/home/hafidz/.m2/repository/io/opentelemetry/opentelemetry-sdk-common/1.35.0/opentelemetry-sdk-common-1.35.0.jar:/home/hafidz/.m2/repository/io/opentelemetry/opentelemetry-sdk-extension-autoconfigure-spi/1.35.0/opentelemetry-sdk-extension-autoconfigure-spi-1.35.0.jar:/home/hafidz/.m2/repository/io/opentelemetry/opentelemetry-sdk-extension-autoconfigure/1.35.0/opentelemetry-sdk-extension-autoconfigure-1.35.0.jar:/home/hafidz/.m2/repository/io/opentelemetry/opentelemetry-api-events/1.35.0-alpha/opentelemetry-api-events-1.35.0-alpha.jar:/home/hafidz/.m2/repository/io/opentelemetry/opentelemetry-sdk-trace/1.35.0/opentelemetry-sdk-trace-1.35.0.jar:/home/hafidz/.m2/repository/io/opentelemetry/opentelemetry-extension-incubator/1.35.0-alpha/opentelemetry-extension-incubator-1.35.0-alpha.jar:/home/hafidz/.m2/repository/io/opentelemetry/opentelemetry-sdk/1.35.0/opentelemetry-sdk-1.35.0.jar:/home/hafidz/.m2/repository/io/opentelemetry/opentelemetry-sdk-metrics/1.35.0/opentelemetry-sdk-metrics-1.35.0.jar:/home/hafidz/.m2/repository/io/opentelemetry/opentelemetry-sdk-logs/1.35.0/opentelemetry-sdk-logs-1.35.0.jar:/home/hafidz/.m2/repository/org/seleniumhq/selenium/selenium-os/4.18.1/selenium-os-4.18.1.jar:/home/hafidz/.m2/repository/org/apache/commons/commons-exec/1.3/commons-exec-1.3.jar:/home/hafidz/.m2/repository/org/seleniumhq/selenium/selenium-safari-driver/4.18.1/selenium-safari-driver-4.18.1.jar:/home/hafidz/.m2/repository/org/seleniumhq/selenium/selenium-api/4.18.1/selenium-api-4.18.1.jar:/home/hafidz/.m2/repository/org/seleniumhq/selenium/selenium-support/4.18.1/selenium-support-4.18.1.jar:/home/hafidz/.m2/repository/com/google/auto/service/auto-service-annotations/1.1.1/auto-service-annotations-1.1.1.jar:/home/hafidz/.m2/repository/org/seleniumhq/selenium/selenium-json/4.18.1/selenium-json-4.18.1.jar:/home/hafidz/.m2/repository/org/seleniumhq/selenium/selenium-chrome-driver/4.18.1/selenium-chrome-driver-4.18.1.jar:/home/hafidz/.m2/repository/org/seleniumhq/selenium/selenium-chromium-driver/4.18.1/selenium-chromium-driver-4.18.1.jar:/home/hafidz/.m2/repository/org/seleniumhq/selenium/selenium-manager/4.18.1/selenium-manager-4.18.1.jar:/home/hafidz/.m2/repository/org/seleniumhq/selenium/selenium-firefox-driver/4.18.1/selenium-firefox-driver-4.18.1.jar:/home/hafidz/.m2/repository/org/seleniumhq/selenium/selenium-http/4.18.1/selenium-http-4.18.1.jar:/home/hafidz/.m2/repository/dev/failsafe/failsafe/3.3.2/failsafe-3.3.2.jar:/home/hafidz/.m2/repository/org/seleniumhq/selenium/selenium-edge-driver/4.18.1/selenium-edge-driver-4.18.1.jar:/home/hafidz/.m2/repository/org/seleniumhq/selenium/selenium-ie-driver/4.18.1/selenium-ie-driver-4.18.1.jar:/home/hafidz/.m2/repository/org/htmlunit/htmlunit/3.11.0/htmlunit-3.11.0.jar:/home/hafidz/.m2/repository/org/apache/httpcomponents/httpmime/4.5.14/httpmime-4.5.14.jar:/home/hafidz/.m2/repository/org/htmlunit/htmlunit-core-js/3.11.0/htmlunit-core-js-3.11.0.jar:/home/hafidz/.m2/repository/org/htmlunit/neko-htmlunit/3.11.2/neko-htmlunit-3.11.2.jar:/home/hafidz/.m2/repository/org/htmlunit/htmlunit-cssparser/3.11.0/htmlunit-cssparser-3.11.0.jar:/home/hafidz/.m2/repository/org/htmlunit/htmlunit-xpath/3.11.0/htmlunit-xpath-3.11.0.jar:/home/hafidz/.m2/repository/org/htmlunit/htmlunit-csp/3.11.0/htmlunit-csp-3.11.0.jar:/home/hafidz/.m2/repository/org/brotli/dec/0.1.2/dec-0.1.2.jar:/home/hafidz/.m2/repository/org/eclipse/jetty/websocket/websocket-client/9.4.53.v20231009/websocket-client-9.4.53.v20231009.jar:/home/hafidz/.m2/repository/org/eclipse/jetty/jetty-client/9.4.53.v20231009/jetty-client-9.4.53.v20231009.jar:/home/hafidz/.m2/repository/org/eclipse/jetty/jetty-http/9.4.53.v20231009/jetty-http-9.4.53.v20231009.jar:/home/hafidz/.m2/repository/org/eclipse/jetty/jetty-util/9.4.53.v20231009/jetty-util-9.4.53.v20231009.jar:/home/hafidz/.m2/repository/org/eclipse/jetty/jetty-io/9.4.53.v20231009/jetty-io-9.4.53.v20231009.jar:/home/hafidz/.m2/repository/org/eclipse/jetty/websocket/websocket-common/9.4.53.v20231009/websocket-common-9.4.53.v20231009.jar:/home/hafidz/.m2/repository/org/eclipse/jetty/websocket/websocket-api/9.4.53.v20231009/websocket-api-9.4.53.v20231009.jar:/home/hafidz/.m2/repository/org/seleniumhq/selenium/htmlunit3-driver/4.17.0/htmlunit3-driver-4.17.0.jar:/home/hafidz/.m2/repository/io/appium/java-client/9.0.0/java-client-9.0.0.jar:/home/hafidz/.m2/repository/org/apache/groovy/groovy/4.0.13/groovy-4.0.13.jar:/home/hafidz/.m2/repository/net/sf/opencsv/opencsv/2.1/opencsv-2.1.jar:/home/hafidz/.m2/repository/org/apache/commons/commons-lang3/3.14.0/commons-lang3-3.14.0.jar:/home/hafidz/.m2/repository/org/apache/commons/commons-compress/1.26.0/commons-compress-1.26.0.jar:/home/hafidz/.m2/repository/org/fluentlenium/fluentlenium-core/0.10.2/fluentlenium-core-0.10.2.jar:/home/hafidz/.m2/repository/com/jhlabs/filters/2.0.235/filters-2.0.235.jar:/home/hafidz/.m2/repository/com/paulhammant/ngwebdriver/1.1.6/ngwebdriver-1.1.6.jar:/home/hafidz/.m2/repository/joda-time/joda-time/2.12.5/joda-time-2.12.5.jar:/home/hafidz/.m2/repository/com/google/jimfs/jimfs/1.3.0/jimfs-1.3.0.jar:/home/hafidz/.m2/repository/org/mockito/mockito-core/3.3.3/mockito-core-3.3.3.jar:/home/hafidz/.m2/repository/javax/xml/bind/jaxb-api/2.3.1/jaxb-api-2.3.1.jar:/home/hafidz/.m2/repository/javax/activation/javax.activation-api/1.2.0/javax.activation-api-1.2.0.jar:/home/hafidz/.m2/repository/com/sun/xml/bind/jaxb-core/2.3.0.1/jaxb-core-2.3.0.1.jar:/home/hafidz/.m2/repository/com/sun/xml/bind/jaxb-impl/2.3.3/jaxb-impl-2.3.3.jar:/home/hafidz/.m2/repository/com/sun/activation/jakarta.activation/1.2.2/jakarta.activation-1.2.2.jar:/home/hafidz/.m2/repository/javax/activation/activation/1.1.1/activation-1.1.1.jar:/home/hafidz/.m2/repository/net/serenity-bdd/serenity-junit/4.1.4/serenity-junit-4.1.4.jar:/home/hafidz/.m2/repository/jakarta/xml/bind/jakarta.xml.bind-api/4.0.0/jakarta.xml.bind-api-4.0.0.jar:/home/hafidz/.m2/repository/jakarta/activation/jakarta.activation-api/2.1.0/jakarta.activation-api-2.1.0.jar:/home/hafidz/.m2/repository/net/serenity-bdd/serenity-screenplay/4.1.4/serenity-screenplay-4.1.4.jar:/home/hafidz/.m2/repository/net/serenity-bdd/serenity-rest-assured/4.1.4/serenity-rest-assured-4.1.4.jar:/home/hafidz/.m2/repository/io/rest-assured/rest-assured/5.4.0/rest-assured-5.4.0.jar:/home/hafidz/.m2/repository/org/ccil/cowan/tagsoup/tagsoup/1.2.1/tagsoup-1.2.1.jar:/home/hafidz/.m2/repository/io/rest-assured/json-path/5.4.0/json-path-5.4.0.jar:/home/hafidz/.m2/repository/io/rest-assured/rest-assured-common/5.4.0/rest-assured-common-5.4.0.jar:/home/hafidz/.m2/repository/io/rest-assured/xml-path/5.4.0/xml-path-5.4.0.jar:/home/hafidz/.m2/repository/org/apache/groovy/groovy-json/4.0.13/groovy-json-4.0.13.jar:/home/hafidz/.m2/repository/org/apache/groovy/groovy-xml/4.0.13/groovy-xml-4.0.13.jar:/home/hafidz/.m2/repository/org/opentest4j/opentest4j/1.3.0/opentest4j-1.3.0.jar:/home/hafidz/.m2/repository/net/serenity-bdd/serenity-cucumber/4.1.4/serenity-cucumber-4.1.4.jar:/home/hafidz/.m2/repository/io/cucumber/cucumber-core/7.15.0/cucumber-core-7.15.0.jar:/home/hafidz/.m2/repository/io/cucumber/cucumber-gherkin/7.15.0/cucumber-gherkin-7.15.0.jar:/home/hafidz/.m2/repository/io/cucumber/cucumber-gherkin-messages/7.15.0/cucumber-gherkin-messages-7.15.0.jar:/home/hafidz/.m2/repository/io/cucumber/gherkin/26.2.0/gherkin-26.2.0.jar:/home/hafidz/.m2/repository/io/cucumber/messages/22.0.0/messages-22.0.0.jar:/home/hafidz/.m2/repository/io/cucumber/tag-expressions/6.0.0/tag-expressions-6.0.0.jar:/home/hafidz/.m2/repository/io/cucumber/cucumber-expressions/17.0.1/cucumber-expressions-17.0.1.jar:/home/hafidz/.m2/repository/io/cucumber/datatable/7.15.0/datatable-7.15.0.jar:/home/hafidz/.m2/repository/io/cucumber/cucumber-plugin/7.15.0/cucumber-plugin-7.15.0.jar:/home/hafidz/.m2/repository/io/cucumber/docstring/7.15.0/docstring-7.15.0.jar:/home/hafidz/.m2/repository/io/cucumber/html-formatter/20.4.0/html-formatter-20.4.0.jar:/home/hafidz/.m2/repository/io/cucumber/junit-xml-formatter/0.2.0/junit-xml-formatter-0.2.0.jar:/home/hafidz/.m2/repository/io/cucumber/ci-environment/10.0.0/ci-environment-10.0.0.jar:/home/hafidz/.m2/repository/io/cucumber/cucumber-java/7.15.0/cucumber-java-7.15.0.jar:/home/hafidz/.m2/repository/io/cucumber/cucumber-junit/7.15.0/cucumber-junit-7.15.0.jar:/home/hafidz/.m2/repository/org/apiguardian/apiguardian-api/1.1.2/apiguardian-api-1.1.2.jar:/home/hafidz/.m2/repository/org/apache/commons/commons-csv/1.5/commons-csv-1.5.jar:/home/hafidz/.m2/repository/net/serenity-bdd/serenity-screenplay-webdriver/4.1.4/serenity-screenplay-webdriver-4.1.4.jar:/home/hafidz/.m2/repository/net/serenity-bdd/serenity-jbehave/1.46.0/serenity-jbehave-1.46.0.jar:/home/hafidz/.m2/repository/commons-logging/commons-logging/1.2/commons-logging-1.2.jar:/home/hafidz/.m2/repository/com/thoughtworks/paranamer/paranamer/2.8/paranamer-2.8.jar:/home/hafidz/.m2/repository/org/jbehave/jbehave-core/4.4/jbehave-core-4.4.jar:/home/hafidz/.m2/repository/org/hamcrest/hamcrest-library/1.3/hamcrest-library-1.3.jar:/home/hafidz/.m2/repository/org/hamcrest/hamcrest-integration/1.3/hamcrest-integration-1.3.jar:/home/hafidz/.m2/repository/org/apache/commons/commons-collections4/4.1/commons-collections4-4.1.jar:/home/hafidz/.m2/repository/org/codehaus/plexus/plexus-utils/3.1.0/plexus-utils-3.1.0.jar:/home/hafidz/.m2/repository/com/github/valfirst/jbehave-junit-runner/2.2.0/jbehave-junit-runner-2.2.0.jar:/home/hafidz/.m2/repository/org/reflections/reflections/0.9.11/reflections-0.9.11.jar:/home/hafidz/.m2/repository/org/javassist/javassist/3.21.0-GA/javassist-3.21.0-GA.jar:/home/hafidz/.m2/repository/org/codehaus/groovy/groovy-all/2.4.13/groovy-all-2.4.13.jar:/home/hafidz/.m2/repository/junit/junit/4.13.2/junit-4.13.2.jar:/home/hafidz/.m2/repository/org/hamcrest/hamcrest-core/1.3/hamcrest-core-1.3.jar:/home/hafidz/.m2/repository/org/assertj/assertj-core/3.24.2/assertj-core-3.24.2.jar:/home/hafidz/.m2/repository/net/bytebuddy/byte-buddy/1.12.21/byte-buddy-1.12.21.jar:/home/hafidz/.m2/repository/org/hamcrest/hamcrest-all/1.3/hamcrest-all-1.3.jar:/home/hafidz/.m2/repository/io/rest-assured/json-schema-validator/5.3.1/json-schema-validator-5.3.1.jar:/home/hafidz/.m2/repository/com/github/java-json-tools/json-schema-validator/2.2.14/json-schema-validator-2.2.14.jar:/home/hafidz/.m2/repository/com/github/java-json-tools/jackson-coreutils-equivalence/1.0/jackson-coreutils-equivalence-1.0.jar:/home/hafidz/.m2/repository/com/github/java-json-tools/jackson-coreutils/2.0/jackson-coreutils-2.0.jar:/home/hafidz/.m2/repository/com/github/java-json-tools/msg-simple/1.2/msg-simple-1.2.jar:/home/hafidz/.m2/repository/com/github/java-json-tools/btf/1.3/btf-1.3.jar:/home/hafidz/.m2/repository/com/github/java-json-tools/json-schema-core/1.2.14/json-schema-core-1.2.14.jar:/home/hafidz/.m2/repository/com/github/java-json-tools/uri-template/0.10/uri-template-0.10.jar:/home/hafidz/.m2/repository/org/mozilla/rhino/1.7.7.2/rhino-1.7.7.2.jar:/home/hafidz/.m2/repository/com/sun/mail/mailapi/1.6.2/mailapi-1.6.2.jar:/home/hafidz/.m2/repository/com/googlecode/libphonenumber/libphonenumber/8.11.1/libphonenumber-8.11.1.jar:/home/hafidz/.m2/repository/com/google/code/findbugs/jsr305/3.0.2/jsr305-3.0.2.jar:/home/hafidz/.m2/repository/net/sf/jopt-simple/jopt-simple/5.0.4/jopt-simple-5.0.4.jar:/home/hafidz/.m2/repository/com/google/guava/guava/32.0.1-jre/guava-32.0.1-jre.jar:/home/hafidz/.m2/repository/com/google/guava/failureaccess/1.0.1/failureaccess-1.0.1.jar:/home/hafidz/.m2/repository/com/google/guava/listenablefuture/9999.0-empty-to-avoid-conflict-with-guava/listenablefuture-9999.0-empty-to-avoid-conflict-with-guava.jar:/home/hafidz/.m2/repository/org/checkerframework/checker-qual/3.33.0/checker-qual-3.33.0.jar:/home/hafidz/.m2/repository/com/google/errorprone/error_prone_annotations/2.18.0/error_prone_annotations-2.18.0.jar:/home/hafidz/.m2/repository/com/google/j2objc/j2objc-annotations/2.8/j2objc-annotations-2.8.jar:/home/hafidz/.m2/repository/com/github/javafaker/javafaker/1.0.2/javafaker-1.0.2.jar:/home/hafidz/.m2/repository/org/yaml/snakeyaml/1.23/snakeyaml-1.23-android.jar:/home/hafidz/.m2/repository/com/github/mifmif/generex/1.0.2/generex-1.0.2.jar:/home/hafidz/.m2/repository/dk/brics/automaton/automaton/1.11-8/automaton-1.11-8.jar:/home/hafidz/.m2/repository/org/hamcrest/hamcrest/2.2/hamcrest-2.2.jar:"/>
    <property name="java.vm.vendor" value="Ubuntu"/>
    <property name="sun.arch.data.model" value="64"/>
    <property name="java.vendor.url" value="https://ubuntu.com/"/>
    <property name="os.name" value="Linux"/>
    <property name="java.vm.specification.version" value="17"/>
    <property name="sun.java.launcher" value="SUN_STANDARD"/>
    <property name="user.country" value="US"/>
    <property name="sun.boot.library.path" value="/usr/lib/jvm/java-17-openjdk-amd64/lib"/>
    <property name="sun.java.command" value="/home/hafidz/Documents/Belajar/Alterra_Qualiry_Engineer/QE_Muhammad_Hafidz/Miniproject/Restful API Testing/Test/target/surefire/surefirebooter9391003016185097060.jar /home/hafidz/Documents/Belajar/Alterra_Qualiry_Engineer/QE_Muhammad_Hafidz/Miniproject/Restful API Testing/Test/target/surefire 2024-06-28T21-56-39_441-jvmRun1 surefire1673270113488896871tmp surefire_05157724317124037541tmp"/>
    <property name="jdk.debug" value="release"/>
    <property name="surefire.test.class.path" value="/home/hafidz/Documents/Belajar/Alterra_Qualiry_Engineer/QE_Muhammad_Hafidz/Miniproject/Restful API Testing/Test/target/test-classes:/home/hafidz/Documents/Belajar/Alterra_Qualiry_Engineer/QE_Muhammad_Hafidz/Miniproject/Restful API Testing/Test/target/rest-assured-bdd-starter-1.0-SNAPSHOT.jar:/home/hafidz/.m2/repository/ch/qos/logback/logback-classic/1.4.12/logback-classic-1.4.12.jar:/home/hafidz/.m2/repository/ch/qos/logback/logback-core/1.4.12/logback-core-1.4.12.jar:/home/hafidz/.m2/repository/org/slf4j/slf4j-api/2.0.7/slf4j-api-2.0.7.jar:/home/hafidz/.m2/repository/org/json/json/20231013/json-20231013.jar:/home/hafidz/.m2/repository/net/serenity-bdd/serenity-core/4.1.4/serenity-core-4.1.4.jar:/home/hafidz/.m2/repository/net/serenity-bdd/serenity-model/4.1.4/serenity-model-4.1.4.jar:/home/hafidz/.m2/repository/org/apache/commons/commons-text/1.11.0/commons-text-1.11.0.jar:/home/hafidz/.m2/repository/commons-net/commons-net/3.10.0/commons-net-3.10.0.jar:/home/hafidz/.m2/repository/org/jsoup/jsoup/1.15.4/jsoup-1.15.4.jar:/home/hafidz/.m2/repository/com/thoughtworks/xstream/xstream/1.4.20/xstream-1.4.20.jar:/home/hafidz/.m2/repository/io/github/x-stream/mxparser/1.2.2/mxparser-1.2.2.jar:/home/hafidz/.m2/repository/xmlpull/xmlpull/1.1.3.1/xmlpull-1.1.3.1.jar:/home/hafidz/.m2/repository/com/typesafe/config/1.4.3/config-1.4.3.jar:/home/hafidz/.m2/repository/org/imgscalr/imgscalr-lib/4.2/imgscalr-lib-4.2.jar:/home/hafidz/.m2/repository/org/awaitility/awaitility/4.2.0/awaitility-4.2.0.jar:/home/hafidz/.m2/repository/org/freemarker/freemarker/2.3.32/freemarker-2.3.32.jar:/home/hafidz/.m2/repository/io/github/classgraph/classgraph/4.8.157/classgraph-4.8.157.jar:/home/hafidz/.m2/repository/com/github/ben-manes/caffeine/caffeine/2.9.2/caffeine-2.9.2.jar:/home/hafidz/.m2/repository/org/ehcache/ehcache/3.10.8/ehcache-3.10.8.jar:/home/hafidz/.m2/repository/javax/cache/cache-api/1.1.0/cache-api-1.1.0.jar:/home/hafidz/.m2/repository/net/sourceforge/jexcelapi/jxl/2.6.12/jxl-2.6.12.jar:/home/hafidz/.m2/repository/net/bytebuddy/byte-buddy-agent/1.14.12/byte-buddy-agent-1.14.12.jar:/home/hafidz/.m2/repository/org/objenesis/objenesis/3.3/objenesis-3.3.jar:/home/hafidz/.m2/repository/com/vladsch/flexmark/flexmark-all/0.64.8/flexmark-all-0.64.8.jar:/home/hafidz/.m2/repository/com/vladsch/flexmark/flexmark/0.64.8/flexmark-0.64.8.jar:/home/hafidz/.m2/repository/com/vladsch/flexmark/flexmark-ext-abbreviation/0.64.8/flexmark-ext-abbreviation-0.64.8.jar:/home/hafidz/.m2/repository/com/vladsch/flexmark/flexmark-ext-admonition/0.64.8/flexmark-ext-admonition-0.64.8.jar:/home/hafidz/.m2/repository/com/vladsch/flexmark/flexmark-ext-anchorlink/0.64.8/flexmark-ext-anchorlink-0.64.8.jar:/home/hafidz/.m2/repository/com/vladsch/flexmark/flexmark-ext-aside/0.64.8/flexmark-ext-aside-0.64.8.jar:/home/hafidz/.m2/repository/com/vladsch/flexmark/flexmark-ext-attributes/0.64.8/flexmark-ext-attributes-0.64.8.jar:/home/hafidz/.m2/repository/com/vladsch/flexmark/flexmark-ext-autolink/0.64.8/flexmark-ext-autolink-0.64.8.jar:/home/hafidz/.m2/repository/org/nibor/autolink/autolink/0.6.0/autolink-0.6.0.jar:/home/hafidz/.m2/repository/com/vladsch/flexmark/flexmark-ext-definition/0.64.8/flexmark-ext-definition-0.64.8.jar:/home/hafidz/.m2/repository/com/vladsch/flexmark/flexmark-ext-emoji/0.64.8/flexmark-ext-emoji-0.64.8.jar:/home/hafidz/.m2/repository/com/vladsch/flexmark/flexmark-ext-enumerated-reference/0.64.8/flexmark-ext-enumerated-reference-0.64.8.jar:/home/hafidz/.m2/repository/com/vladsch/flexmark/flexmark-ext-escaped-character/0.64.8/flexmark-ext-escaped-character-0.64.8.jar:/home/hafidz/.m2/repository/com/vladsch/flexmark/flexmark-ext-footnotes/0.64.8/flexmark-ext-footnotes-0.64.8.jar:/home/hafidz/.m2/repository/com/vladsch/flexmark/flexmark-ext-gfm-issues/0.64.8/flexmark-ext-gfm-issues-0.64.8.jar:/home/hafidz/.m2/repository/com/vladsch/flexmark/flexmark-ext-gfm-strikethrough/0.64.8/flexmark-ext-gfm-strikethrough-0.64.8.jar:/home/hafidz/.m2/repository/com/vladsch/flexmark/flexmark-ext-gfm-tasklist/0.64.8/flexmark-ext-gfm-tasklist-0.64.8.jar:/home/hafidz/.m2/repository/com/vladsch/flexmark/flexmark-ext-gfm-users/0.64.8/flexmark-ext-gfm-users-0.64.8.jar:/home/hafidz/.m2/repository/com/vladsch/flexmark/flexmark-ext-gitlab/0.64.8/flexmark-ext-gitlab-0.64.8.jar:/home/hafidz/.m2/repository/com/vladsch/flexmark/flexmark-ext-jekyll-front-matter/0.64.8/flexmark-ext-jekyll-front-matter-0.64.8.jar:/home/hafidz/.m2/repository/com/vladsch/flexmark/flexmark-ext-jekyll-tag/0.64.8/flexmark-ext-jekyll-tag-0.64.8.jar:/home/hafidz/.m2/repository/com/vladsch/flexmark/flexmark-ext-media-tags/0.64.8/flexmark-ext-media-tags-0.64.8.jar:/home/hafidz/.m2/repository/com/vladsch/flexmark/flexmark-ext-macros/0.64.8/flexmark-ext-macros-0.64.8.jar:/home/hafidz/.m2/repository/com/vladsch/flexmark/flexmark-ext-ins/0.64.8/flexmark-ext-ins-0.64.8.jar:/home/hafidz/.m2/repository/com/vladsch/flexmark/flexmark-ext-xwiki-macros/0.64.8/flexmark-ext-xwiki-macros-0.64.8.jar:/home/hafidz/.m2/repository/com/vladsch/flexmark/flexmark-ext-superscript/0.64.8/flexmark-ext-superscript-0.64.8.jar:/home/hafidz/.m2/repository/com/vladsch/flexmark/flexmark-ext-toc/0.64.8/flexmark-ext-toc-0.64.8.jar:/home/hafidz/.m2/repository/com/vladsch/flexmark/flexmark-ext-typographic/0.64.8/flexmark-ext-typographic-0.64.8.jar:/home/hafidz/.m2/repository/com/vladsch/flexmark/flexmark-ext-wikilink/0.64.8/flexmark-ext-wikilink-0.64.8.jar:/home/hafidz/.m2/repository/com/vladsch/flexmark/flexmark-ext-yaml-front-matter/0.64.8/flexmark-ext-yaml-front-matter-0.64.8.jar:/home/hafidz/.m2/repository/com/vladsch/flexmark/flexmark-ext-youtube-embedded/0.64.8/flexmark-ext-youtube-embedded-0.64.8.jar:/home/hafidz/.m2/repository/com/vladsch/flexmark/flexmark-html2md-converter/0.64.8/flexmark-html2md-converter-0.64.8.jar:/home/hafidz/.m2/repository/com/vladsch/flexmark/flexmark-jira-converter/0.64.8/flexmark-jira-converter-0.64.8.jar:/home/hafidz/.m2/repository/com/vladsch/flexmark/flexmark-pdf-converter/0.64.8/flexmark-pdf-converter-0.64.8.jar:/home/hafidz/.m2/repository/com/openhtmltopdf/openhtmltopdf-core/1.0.10/openhtmltopdf-core-1.0.10.jar:/home/hafidz/.m2/repository/com/openhtmltopdf/openhtmltopdf-pdfbox/1.0.10/openhtmltopdf-pdfbox-1.0.10.jar:/home/hafidz/.m2/repository/org/apache/pdfbox/pdfbox/2.0.24/pdfbox-2.0.24.jar:/home/hafidz/.m2/repository/org/apache/pdfbox/fontbox/2.0.24/fontbox-2.0.24.jar:/home/hafidz/.m2/repository/org/apache/pdfbox/xmpbox/2.0.24/xmpbox-2.0.24.jar:/home/hafidz/.m2/repository/de/rototor/pdfbox/graphics2d/0.32/graphics2d-0.32.jar:/home/hafidz/.m2/repository/com/openhtmltopdf/openhtmltopdf-rtl-support/1.0.10/openhtmltopdf-rtl-support-1.0.10.jar:/home/hafidz/.m2/repository/com/vladsch/flexmark/flexmark-profile-pegdown/0.64.8/flexmark-profile-pegdown-0.64.8.jar:/home/hafidz/.m2/repository/com/vladsch/flexmark/flexmark-util-ast/0.64.8/flexmark-util-ast-0.64.8.jar:/home/hafidz/.m2/repository/org/jetbrains/annotations/24.0.1/annotations-24.0.1.jar:/home/hafidz/.m2/repository/com/vladsch/flexmark/flexmark-util-builder/0.64.8/flexmark-util-builder-0.64.8.jar:/home/hafidz/.m2/repository/com/vladsch/flexmark/flexmark-util-collection/0.64.8/flexmark-util-collection-0.64.8.jar:/home/hafidz/.m2/repository/com/vladsch/flexmark/flexmark-util-data/0.64.8/flexmark-util-data-0.64.8.jar:/home/hafidz/.m2/repository/com/vladsch/flexmark/flexmark-util-dependency/0.64.8/flexmark-util-dependency-0.64.8.jar:/home/hafidz/.m2/repository/com/vladsch/flexmark/flexmark-util-format/0.64.8/flexmark-util-format-0.64.8.jar:/home/hafidz/.m2/repository/com/vladsch/flexmark/flexmark-util-html/0.64.8/flexmark-util-html-0.64.8.jar:/home/hafidz/.m2/repository/com/vladsch/flexmark/flexmark-util-misc/0.64.8/flexmark-util-misc-0.64.8.jar:/home/hafidz/.m2/repository/com/vladsch/flexmark/flexmark-util-options/0.64.8/flexmark-util-options-0.64.8.jar:/home/hafidz/.m2/repository/com/vladsch/flexmark/flexmark-util-sequence/0.64.8/flexmark-util-sequence-0.64.8.jar:/home/hafidz/.m2/repository/com/vladsch/flexmark/flexmark-util-visitor/0.64.8/flexmark-util-visitor-0.64.8.jar:/home/hafidz/.m2/repository/com/vladsch/flexmark/flexmark-youtrack-converter/0.64.8/flexmark-youtrack-converter-0.64.8.jar:/home/hafidz/.m2/repository/com/vladsch/flexmark/flexmark-ext-resizable-image/0.64.8/flexmark-ext-resizable-image-0.64.8.jar:/home/hafidz/.m2/repository/com/vladsch/flexmark/flexmark-ext-tables/0.64.8/flexmark-ext-tables-0.64.8.jar:/home/hafidz/.m2/repository/com/vladsch/flexmark/flexmark-util/0.64.8/flexmark-util-0.64.8.jar:/home/hafidz/.m2/repository/net/serenity-bdd/serenity-reports/4.1.4/serenity-reports-4.1.4.jar:/home/hafidz/.m2/repository/net/serenity-bdd/serenity-stats/4.1.4/serenity-stats-4.1.4.jar:/home/hafidz/.m2/repository/org/jetbrains/kotlin/kotlin-stdlib/1.9.0/kotlin-stdlib-1.9.0.jar:/home/hafidz/.m2/repository/org/jetbrains/kotlin/kotlin-stdlib-common/1.9.0/kotlin-stdlib-common-1.9.0.jar:/home/hafidz/.m2/repository/net/serenity-bdd/serenity-reports-configuration/4.1.4/serenity-reports-configuration-4.1.4.jar:/home/hafidz/.m2/repository/com/ibm/icu/icu4j/72.1/icu4j-72.1.jar:/home/hafidz/.m2/repository/es/nitaur/markdown/txtmark/0.16/txtmark-0.16.jar:/home/hafidz/.m2/repository/net/serenity-bdd/serenity-report-resources/4.1.4/serenity-report-resources-4.1.4.jar:/home/hafidz/.m2/repository/com/google/code/gson/gson/2.10.1/gson-2.10.1.jar:/home/hafidz/.m2/repository/com/fasterxml/jackson/core/jackson-core/2.16.0/jackson-core-2.16.0.jar:/home/hafidz/.m2/repository/com/fasterxml/jackson/core/jackson-databind/2.16.0/jackson-databind-2.16.0.jar:/home/hafidz/.m2/repository/com/fasterxml/jackson/core/jackson-annotations/2.16.0/jackson-annotations-2.16.0.jar:/home/hafidz/.m2/repository/commons-codec/commons-codec/1.16.0/commons-codec-1.16.0.jar:/home/hafidz/.m2/repository/commons-io/commons-io/2.15.1/commons-io-2.15.1.jar:/home/hafidz/.m2/repository/org/apache/httpcomponents/httpclient/4.5.13/httpclient-4.5.13.jar:/home/hafidz/.m2/repository/org/apache/httpcomponents/httpcore/4.4.13/httpcore-4.4.13.jar:/home/hafidz/.m2/repository/org/seleniumhq/selenium/selenium-java/4.18.1/selenium-java-4.18.1.jar:/home/hafidz/.m2/repository/org/seleniumhq/selenium/selenium-devtools-v120/4.18.1/selenium-devtools-v120-4.18.1.jar:/home/hafidz/.m2/repository/org/seleniumhq/selenium/selenium-devtools-v121/4.18.1/selenium-devtools-v121-4.18.1.jar:/home/hafidz/.m2/repository/org/seleniumhq/selenium/selenium-devtools-v122/4.18.1/selenium-devtools-v122-4.18.1.jar:/home/hafidz/.m2/repository/org/seleniumhq/selenium/selenium-devtools-v85/4.18.1/selenium-devtools-v85-4.18.1.jar:/home/hafidz/.m2/repository/org/seleniumhq/selenium/selenium-remote-driver/4.18.1/selenium-remote-driver-4.18.1.jar:/home/hafidz/.m2/repository/io/opentelemetry/semconv/opentelemetry-semconv/1.23.1-alpha/opentelemetry-semconv-1.23.1-alpha.jar:/home/hafidz/.m2/repository/io/opentelemetry/opentelemetry-api/1.35.0/opentelemetry-api-1.35.0.jar:/home/hafidz/.m2/repository/io/opentelemetry/opentelemetry-context/1.35.0/opentelemetry-context-1.35.0.jar:/home/hafidz/.m2/repository/io/opentelemetry/opentelemetry-exporter-logging/1.35.0/opentelemetry-exporter-logging-1.35.0.jar:/home/hafidz/.m2/repository/io/opentelemetry/opentelemetry-sdk-common/1.35.0/opentelemetry-sdk-common-1.35.0.jar:/home/hafidz/.m2/repository/io/opentelemetry/opentelemetry-sdk-extension-autoconfigure-spi/1.35.0/opentelemetry-sdk-extension-autoconfigure-spi-1.35.0.jar:/home/hafidz/.m2/repository/io/opentelemetry/opentelemetry-sdk-extension-autoconfigure/1.35.0/opentelemetry-sdk-extension-autoconfigure-1.35.0.jar:/home/hafidz/.m2/repository/io/opentelemetry/opentelemetry-api-events/1.35.0-alpha/opentelemetry-api-events-1.35.0-alpha.jar:/home/hafidz/.m2/repository/io/opentelemetry/opentelemetry-sdk-trace/1.35.0/opentelemetry-sdk-trace-1.35.0.jar:/home/hafidz/.m2/repository/io/opentelemetry/opentelemetry-extension-incubator/1.35.0-alpha/opentelemetry-extension-incubator-1.35.0-alpha.jar:/home/hafidz/.m2/repository/io/opentelemetry/opentelemetry-sdk/1.35.0/opentelemetry-sdk-1.35.0.jar:/home/hafidz/.m2/repository/io/opentelemetry/opentelemetry-sdk-metrics/1.35.0/opentelemetry-sdk-metrics-1.35.0.jar:/home/hafidz/.m2/repository/io/opentelemetry/opentelemetry-sdk-logs/1.35.0/opentelemetry-sdk-logs-1.35.0.jar:/home/hafidz/.m2/repository/org/seleniumhq/selenium/selenium-os/4.18.1/selenium-os-4.18.1.jar:/home/hafidz/.m2/repository/org/apache/commons/commons-exec/1.3/commons-exec-1.3.jar:/home/hafidz/.m2/repository/org/seleniumhq/selenium/selenium-safari-driver/4.18.1/selenium-safari-driver-4.18.1.jar:/home/hafidz/.m2/repository/org/seleniumhq/selenium/selenium-api/4.18.1/selenium-api-4.18.1.jar:/home/hafidz/.m2/repository/org/seleniumhq/selenium/selenium-support/4.18.1/selenium-support-4.18.1.jar:/home/hafidz/.m2/repository/com/google/auto/service/auto-service-annotations/1.1.1/auto-service-annotations-1.1.1.jar:/home/hafidz/.m2/repository/org/seleniumhq/selenium/selenium-json/4.18.1/selenium-json-4.18.1.jar:/home/hafidz/.m2/repository/org/seleniumhq/selenium/selenium-chrome-driver/4.18.1/selenium-chrome-driver-4.18.1.jar:/home/hafidz/.m2/repository/org/seleniumhq/selenium/selenium-chromium-driver/4.18.1/selenium-chromium-driver-4.18.1.jar:/home/hafidz/.m2/repository/org/seleniumhq/selenium/selenium-manager/4.18.1/selenium-manager-4.18.1.jar:/home/hafidz/.m2/repository/org/seleniumhq/selenium/selenium-firefox-driver/4.18.1/selenium-firefox-driver-4.18.1.jar:/home/hafidz/.m2/repository/org/seleniumhq/selenium/selenium-http/4.18.1/selenium-http-4.18.1.jar:/home/hafidz/.m2/repository/dev/failsafe/failsafe/3.3.2/failsafe-3.3.2.jar:/home/hafidz/.m2/repository/org/seleniumhq/selenium/selenium-edge-driver/4.18.1/selenium-edge-driver-4.18.1.jar:/home/hafidz/.m2/repository/org/seleniumhq/selenium/selenium-ie-driver/4.18.1/selenium-ie-driver-4.18.1.jar:/home/hafidz/.m2/repository/org/htmlunit/htmlunit/3.11.0/htmlunit-3.11.0.jar:/home/hafidz/.m2/repository/org/apache/httpcomponents/httpmime/4.5.14/httpmime-4.5.14.jar:/home/hafidz/.m2/repository/org/htmlunit/htmlunit-core-js/3.11.0/htmlunit-core-js-3.11.0.jar:/home/hafidz/.m2/repository/org/htmlunit/neko-htmlunit/3.11.2/neko-htmlunit-3.11.2.jar:/home/hafidz/.m2/repository/org/htmlunit/htmlunit-cssparser/3.11.0/htmlunit-cssparser-3.11.0.jar:/home/hafidz/.m2/repository/org/htmlunit/htmlunit-xpath/3.11.0/htmlunit-xpath-3.11.0.jar:/home/hafidz/.m2/repository/org/htmlunit/htmlunit-csp/3.11.0/htmlunit-csp-3.11.0.jar:/home/hafidz/.m2/repository/org/brotli/dec/0.1.2/dec-0.1.2.jar:/home/hafidz/.m2/repository/org/eclipse/jetty/websocket/websocket-client/9.4.53.v20231009/websocket-client-9.4.53.v20231009.jar:/home/hafidz/.m2/repository/org/eclipse/jetty/jetty-client/9.4.53.v20231009/jetty-client-9.4.53.v20231009.jar:/home/hafidz/.m2/repository/org/eclipse/jetty/jetty-http/9.4.53.v20231009/jetty-http-9.4.53.v20231009.jar:/home/hafidz/.m2/repository/org/eclipse/jetty/jetty-util/9.4.53.v20231009/jetty-util-9.4.53.v20231009.jar:/home/hafidz/.m2/repository/org/eclipse/jetty/jetty-io/9.4.53.v20231009/jetty-io-9.4.53.v20231009.jar:/home/hafidz/.m2/repository/org/eclipse/jetty/websocket/websocket-common/9.4.53.v20231009/websocket-common-9.4.53.v20231009.jar:/home/hafidz/.m2/repository/org/eclipse/jetty/websocket/websocket-api/9.4.53.v20231009/websocket-api-9.4.53.v20231009.jar:/home/hafidz/.m2/repository/org/seleniumhq/selenium/htmlunit3-driver/4.17.0/htmlunit3-driver-4.17.0.jar:/home/hafidz/.m2/repository/io/appium/java-client/9.0.0/java-client-9.0.0.jar:/home/hafidz/.m2/repository/org/apache/groovy/groovy/4.0.13/groovy-4.0.13.jar:/home/hafidz/.m2/repository/net/sf/opencsv/opencsv/2.1/opencsv-2.1.jar:/home/hafidz/.m2/repository/org/apache/commons/commons-lang3/3.14.0/commons-lang3-3.14.0.jar:/home/hafidz/.m2/repository/org/apache/commons/commons-compress/1.26.0/commons-compress-1.26.0.jar:/home/hafidz/.m2/repository/org/fluentlenium/fluentlenium-core/0.10.2/fluentlenium-core-0.10.2.jar:/home/hafidz/.m2/repository/com/jhlabs/filters/2.0.235/filters-2.0.235.jar:/home/hafidz/.m2/repository/com/paulhammant/ngwebdriver/1.1.6/ngwebdriver-1.1.6.jar:/home/hafidz/.m2/repository/joda-time/joda-time/2.12.5/joda-time-2.12.5.jar:/home/hafidz/.m2/repository/com/google/jimfs/jimfs/1.3.0/jimfs-1.3.0.jar:/home/hafidz/.m2/repository/org/mockito/mockito-core/3.3.3/mockito-core-3.3.3.jar:/home/hafidz/.m2/repository/javax/xml/bind/jaxb-api/2.3.1/jaxb-api-2.3.1.jar:/home/hafidz/.m2/repository/javax/activation/javax.activation-api/1.2.0/javax.activation-api-1.2.0.jar:/home/hafidz/.m2/repository/com/sun/xml/bind/jaxb-core/2.3.0.1/jaxb-core-2.3.0.1.jar:/home/hafidz/.m2/repository/com/sun/xml/bind/jaxb-impl/2.3.3/jaxb-impl-2.3.3.jar:/home/hafidz/.m2/repository/com/sun/activation/jakarta.activation/1.2.2/jakarta.activation-1.2.2.jar:/home/hafidz/.m2/repository/javax/activation/activation/1.1.1/activation-1.1.1.jar:/home/hafidz/.m2/repository/net/serenity-bdd/serenity-junit/4.1.4/serenity-junit-4.1.4.jar:/home/hafidz/.m2/repository/jakarta/xml/bind/jakarta.xml.bind-api/4.0.0/jakarta.xml.bind-api-4.0.0.jar:/home/hafidz/.m2/repository/jakarta/activation/jakarta.activation-api/2.1.0/jakarta.activation-api-2.1.0.jar:/home/hafidz/.m2/repository/net/serenity-bdd/serenity-screenplay/4.1.4/serenity-screenplay-4.1.4.jar:/home/hafidz/.m2/repository/net/serenity-bdd/serenity-rest-assured/4.1.4/serenity-rest-assured-4.1.4.jar:/home/hafidz/.m2/repository/io/rest-assured/rest-assured/5.4.0/rest-assured-5.4.0.jar:/home/hafidz/.m2/repository/org/ccil/cowan/tagsoup/tagsoup/1.2.1/tagsoup-1.2.1.jar:/home/hafidz/.m2/repository/io/rest-assured/json-path/5.4.0/json-path-5.4.0.jar:/home/hafidz/.m2/repository/io/rest-assured/rest-assured-common/5.4.0/rest-assured-common-5.4.0.jar:/home/hafidz/.m2/repository/io/rest-assured/xml-path/5.4.0/xml-path-5.4.0.jar:/home/hafidz/.m2/repository/org/apache/groovy/groovy-json/4.0.13/groovy-json-4.0.13.jar:/home/hafidz/.m2/repository/org/apache/groovy/groovy-xml/4.0.13/groovy-xml-4.0.13.jar:/home/hafidz/.m2/repository/org/opentest4j/opentest4j/1.3.0/opentest4j-1.3.0.jar:/home/hafidz/.m2/repository/net/serenity-bdd/serenity-cucumber/4.1.4/serenity-cucumber-4.1.4.jar:/home/hafidz/.m2/repository/io/cucumber/cucumber-core/7.15.0/cucumber-core-7.15.0.jar:/home/hafidz/.m2/repository/io/cucumber/cucumber-gherkin/7.15.0/cucumber-gherkin-7.15.0.jar:/home/hafidz/.m2/repository/io/cucumber/cucumber-gherkin-messages/7.15.0/cucumber-gherkin-messages-7.15.0.jar:/home/hafidz/.m2/repository/io/cucumber/gherkin/26.2.0/gherkin-26.2.0.jar:/home/hafidz/.m2/repository/io/cucumber/messages/22.0.0/messages-22.0.0.jar:/home/hafidz/.m2/repository/io/cucumber/tag-expressions/6.0.0/tag-expressions-6.0.0.jar:/home/hafidz/.m2/repository/io/cucumber/cucumber-expressions/17.0.1/cucumber-expressions-17.0.1.jar:/home/hafidz/.m2/repository/io/cucumber/datatable/7.15.0/datatable-7.15.0.jar:/home/hafidz/.m2/repository/io/cucumber/cucumber-plugin/7.15.0/cucumber-plugin-7.15.0.jar:/home/hafidz/.m2/repository/io/cucumber/docstring/7.15.0/docstring-7.15.0.jar:/home/hafidz/.m2/repository/io/cucumber/html-formatter/20.4.0/html-formatter-20.4.0.jar:/home/hafidz/.m2/repository/io/cucumber/junit-xml-formatter/0.2.0/junit-xml-formatter-0.2.0.jar:/home/hafidz/.m2/repository/io/cucumber/ci-environment/10.0.0/ci-environment-10.0.0.jar:/home/hafidz/.m2/repository/io/cucumber/cucumber-java/7.15.0/cucumber-java-7.15.0.jar:/home/hafidz/.m2/repository/io/cucumber/cucumber-junit/7.15.0/cucumber-junit-7.15.0.jar:/home/hafidz/.m2/repository/org/apiguardian/apiguardian-api/1.1.2/apiguardian-api-1.1.2.jar:/home/hafidz/.m2/repository/org/apache/commons/commons-csv/1.5/commons-csv-1.5.jar:/home/hafidz/.m2/repository/net/serenity-bdd/serenity-screenplay-webdriver/4.1.4/serenity-screenplay-webdriver-4.1.4.jar:/home/hafidz/.m2/repository/net/serenity-bdd/serenity-jbehave/1.46.0/serenity-jbehave-1.46.0.jar:/home/hafidz/.m2/repository/commons-logging/commons-logging/1.2/commons-logging-1.2.jar:/home/hafidz/.m2/repository/com/thoughtworks/paranamer/paranamer/2.8/paranamer-2.8.jar:/home/hafidz/.m2/repository/org/jbehave/jbehave-core/4.4/jbehave-core-4.4.jar:/home/hafidz/.m2/repository/org/hamcrest/hamcrest-library/1.3/hamcrest-library-1.3.jar:/home/hafidz/.m2/repository/org/hamcrest/hamcrest-integration/1.3/hamcrest-integration-1.3.jar:/home/hafidz/.m2/repository/org/apache/commons/commons-collections4/4.1/commons-collections4-4.1.jar:/home/hafidz/.m2/repository/org/codehaus/plexus/plexus-utils/3.1.0/plexus-utils-3.1.0.jar:/home/hafidz/.m2/repository/com/github/valfirst/jbehave-junit-runner/2.2.0/jbehave-junit-runner-2.2.0.jar:/home/hafidz/.m2/repository/org/reflections/reflections/0.9.11/reflections-0.9.11.jar:/home/hafidz/.m2/repository/org/javassist/javassist/3.21.0-GA/javassist-3.21.0-GA.jar:/home/hafidz/.m2/repository/org/codehaus/groovy/groovy-all/2.4.13/groovy-all-2.4.13.jar:/home/hafidz/.m2/repository/junit/junit/4.13.2/junit-4.13.2.jar:/home/hafidz/.m2/repository/org/hamcrest/hamcrest-core/1.3/hamcrest-core-1.3.jar:/home/hafidz/.m2/repository/org/assertj/assertj-core/3.24.2/assertj-core-3.24.2.jar:/home/hafidz/.m2/repository/net/bytebuddy/byte-buddy/1.12.21/byte-buddy-1.12.21.jar:/home/hafidz/.m2/repository/org/hamcrest/hamcrest-all/1.3/hamcrest-all-1.3.jar:/home/hafidz/.m2/repository/io/rest-assured/json-schema-validator/5.3.1/json-schema-validator-5.3.1.jar:/home/hafidz/.m2/repository/com/github/java-json-tools/json-schema-validator/2.2.14/json-schema-validator-2.2.14.jar:/home/hafidz/.m2/repository/com/github/java-json-tools/jackson-coreutils-equivalence/1.0/jackson-coreutils-equivalence-1.0.jar:/home/hafidz/.m2/repository/com/github/java-json-tools/jackson-coreutils/2.0/jackson-coreutils-2.0.jar:/home/hafidz/.m2/repository/com/github/java-json-tools/msg-simple/1.2/msg-simple-1.2.jar:/home/hafidz/.m2/repository/com/github/java-json-tools/btf/1.3/btf-1.3.jar:/home/hafidz/.m2/repository/com/github/java-json-tools/json-schema-core/1.2.14/json-schema-core-1.2.14.jar:/home/hafidz/.m2/repository/com/github/java-json-tools/uri-template/0.10/uri-template-0.10.jar:/home/hafidz/.m2/repository/org/mozilla/rhino/1.7.7.2/rhino-1.7.7.2.jar:/home/hafidz/.m2/repository/com/sun/mail/mailapi/1.6.2/mailapi-1.6.2.jar:/home/hafidz/.m2/repository/com/googlecode/libphonenumber/libphonenumber/8.11.1/libphonenumber-8.11.1.jar:/home/hafidz/.m2/repository/com/google/code/findbugs/jsr305/3.0.2/jsr305-3.0.2.jar:/home/hafidz/.m2/repository/net/sf/jopt-simple/jopt-simple/5.0.4/jopt-simple-5.0.4.jar:/home/hafidz/.m2/repository/com/google/guava/guava/32.0.1-jre/guava-32.0.1-jre.jar:/home/hafidz/.m2/repository/com/google/guava/failureaccess/1.0.1/failureaccess-1.0.1.jar:/home/hafidz/.m2/repository/com/google/guava/listenablefuture/9999.0-empty-to-avoid-conflict-with-guava/listenablefuture-9999.0-empty-to-avoid-conflict-with-guava.jar:/home/hafidz/.m2/repository/org/checkerframework/checker-qual/3.33.0/checker-qual-3.33.0.jar:/home/hafidz/.m2/repository/com/google/errorprone/error_prone_annotations/2.18.0/error_prone_annotations-2.18.0.jar:/home/hafidz/.m2/repository/com/google/j2objc/j2objc-annotations/2.8/j2objc-annotations-2.8.jar:/home/hafidz/.m2/repository/com/github/javafaker/javafaker/1.0.2/javafaker-1.0.2.jar:/home/hafidz/.m2/repository/org/yaml/snakeyaml/1.23/snakeyaml-1.23-android.jar:/home/hafidz/.m2/repository/com/github/mifmif/generex/1.0.2/generex-1.0.2.jar:/home/hafidz/.m2/repository/dk/brics/automaton/automaton/1.11-8/automaton-1.11-8.jar:/home/hafidz/.m2/repository/org/hamcrest/hamcrest/2.2/hamcrest-2.2.jar:"/>
    <property name="sun.cpu.endian" value="little"/>
    <property name="user.home" value="/home/hafidz"/>
    <property name="user.language" value="en"/>
    <property name="java.specification.vendor" value="Oracle Corporation"/>
    <property name="java.version.date" value="2024-04-16"/>
    <property name="java.home" value="/usr/lib/jvm/java-17-openjdk-amd64"/>
    <property name="file.separator" value="/"/>
    <property name="basedir" value="/home/hafidz/Documents/Belajar/Alterra_Qualiry_Engineer/QE_Muhammad_Hafidz/Miniproject/Restful API Testing/Test"/>
    <property name="java.vm.compressedOopsMode" value="Zero based"/>
    <property name="line.separator" value="&#10;"/>
    <property name="java.vm.specification.vendor" value="Oracle Corporation"/>
    <property name="java.specification.name" value="Java Platform API Specification"/>
    <property name="surefire.real.class.path" value="/home/hafidz/Documents/Belajar/Alterra_Qualiry_Engineer/QE_Muhammad_Hafidz/Miniproject/Restful API Testing/Test/target/surefire/surefirebooter9391003016185097060.jar"/>
    <property name="sun.management.compiler" value="HotSpot 64-Bit Tiered Compilers"/>
    <property name="java.runtime.version" value="17.0.11+9-Ubuntu-122.04.1"/>
    <property name="user.name" value="hafidz"/>
    <property name="path.separator" value=":"/>
    <property name="os.version" value="6.5.0-41-generic"/>
    <property name="java.runtime.name" value="OpenJDK Runtime Environment"/>
    <property name="file.encoding" value="UTF-8"/>
    <property name="java.vm.name" value="OpenJDK 64-Bit Server VM"/>
    <property name="localRepository" value="/home/hafidz/.m2/repository"/>
    <property name="java.vendor.url.bug" value="https://bugs.launchpad.net/ubuntu/+source/openjdk-17"/>
    <property name="java.io.tmpdir" value="/tmp"/>
    <property name="java.version" value="17.0.11"/>
    <property name="user.dir" value="/home/hafidz/Documents/Belajar/Alterra_Qualiry_Engineer/QE_Muhammad_Hafidz/Miniproject/Restful API Testing/Test"/>
    <property name="os.arch" value="amd64"/>
    <property name="java.vm.specification.name" value="Java Virtual Machine Specification"/>
    <property name="native.encoding" value="UTF-8"/>
    <property name="java.library.path" value="/usr/java/packages/lib:/usr/lib/x86_64-linux-gnu/jni:/lib/x86_64-linux-gnu:/usr/lib/x86_64-linux-gnu:/usr/lib/jni:/lib:/usr/lib"/>
    <property name="java.vm.info" value="mixed mode, sharing"/>
    <property name="java.vendor" value="Ubuntu"/>
    <property name="java.vm.version" value="17.0.11+9-Ubuntu-122.04.1"/>
    <property name="sun.io.unicode.encoding" value="UnicodeLittle"/>
    <property name="java.class.version" value="61.0"/>
  </properties>
  <testcase name="(Get All User Information)" classname="Get All User Information" time="2.839"/>
  <testcase name="Register an account with valid input" classname="Login to Account" time="0.712">
    <failure message="1 expectation failed.&#10;Expected status code &lt;200&gt; but was &lt;400&gt;.&#10;" type="java.lang.AssertionError"><![CDATA[java.lang.AssertionError: 
1 expectation failed.
Expected status code <200> but was <400>.

]]></failure>
    <system-out><![CDATA[21:56:43.706 [main] DEBUG io.cucumber.core.plugin.SerenityReporter -- Running feature from file:///home/hafidz/Documents/Belajar/Alterra_Qualiry_Engineer/QE_Muhammad_Hafidz/Miniproject/Restful%20API%20Testing/Test/src/test/resources/features/api/util/Authentication/Login.feature
21:56:43.710 [main] DEBUG net.thucydides.core.steps.StepEventBus -- Test suite started for story net.thucydides.model.domain.Story@4f952940
21:56:43.711 [main] INFO  -- Test Suite Started: Login to Account

Scenario: Register an account with valid input &amp#27;[90m# src/test/resources/features/api/util/Authentication/Login.feature:6&amp#27;[0m
21:56:43.726 [main] DEBUG io.cucumber.core.plugin.SerenityReporter -- Running feature from file:///home/hafidz/Documents/Belajar/Alterra_Qualiry_Engineer/QE_Muhammad_Hafidz/Miniproject/Restful%20API%20Testing/Test/src/test/resources/features/api/util/Authentication/Login.feature
21:56:43.729 [main] INFO  -- 
  _____   ___   ___   _____     ___   _____     _     ___   _____   ___   ___  
 |_   _| | __| / __| |_   _|   / __| |_   _|   /_\   | _ \ |_   _| | __| |   \ 
   | |   | _|  \__ \   | |     \__ \   | |    / _ \  |   /   | |   | _|  | |) |
   |_|   |___| |___/   |_|     |___/   |_|   /_/ \_\ |_|_\   |_|   |___| |___/ 

Register an account with valid input(login-to-account;register-an-account-with-valid-input)
--------------------------------------------------------------------------------
  &amp#27;[32mGiven &amp#27;[0m&amp#27;[32mI set on the Login endpoint&amp#27;[0m            &amp#27;[90m# starter.stepdefinitions.Authentication.P_Login.ISetOnTheLoginEndpoint()&amp#27;[0m
21:56:43.807 [main] DEBUG net.thucydides.core.steps.StepInterceptor -- STARTING STEP: P_Login.ISendValidEmailAndValidInput - ISendToServerLoginPostWithValidPassword
21:56:44.333 [main] DEBUG net.thucydides.core.steps.StepInterceptor -- STEP DONE: ISendToServerLoginPostWithValidPassword
  &amp#27;[32mWhen &amp#27;[0m&amp#27;[32mI send valid email and valid input&amp#27;[0m      &amp#27;[90m# starter.stepdefinitions.Authentication.P_Login.ISendValidEmailAndValidInput()&amp#27;[0m
21:56:44.346 [main] DEBUG net.thucydides.core.steps.StepInterceptor -- STARTING STEP: P_GetAllProducts.i_receive_status_code_200 - responseCode200
  &amp#27;[31mAnd &amp#27;[0m&amp#27;[31mI receive status code 200&amp#27;[0m                &amp#27;[90m# starter.stepdefinitions.Product.P_GetAllProducts.i_receive_status_code_200()&amp#27;[0m
      &amp#27;[31mjava.lang.AssertionError: 1 expectation failed.
Expected status code <200> but was <400>.

	at java.base/jdk.internal.reflect.NativeConstructorAccessorImpl.newInstance0(Native Method)
	at java.base/jdk.internal.reflect.NativeConstructorAccessorImpl.newInstance(NativeConstructorAccessorImpl.java:77)
	at java.base/jdk.internal.reflect.DelegatingConstructorAccessorImpl.newInstance(DelegatingConstructorAccessorImpl.java:45)
	at java.base/java.lang.reflect.Constructor.newInstanceWithCaller(Constructor.java:499)
	at java.base/java.lang.reflect.Constructor.newInstance(Constructor.java:480)
	at org.codehaus.groovy.reflection.CachedConstructor.invoke(CachedConstructor.java:73)
	at org.codehaus.groovy.runtime.callsite.ConstructorSite$ConstructorSiteNoUnwrapNoCoerce.callConstructor(ConstructorSite.java:108)
	at org.codehaus.groovy.runtime.callsite.CallSiteArray.defaultCallConstructor(CallSiteArray.java:57)
	at org.codehaus.groovy.runtime.callsite.AbstractCallSite.callConstructor(AbstractCallSite.java:263)
	at org.codehaus.groovy.runtime.callsite.AbstractCallSite.callConstructor(AbstractCallSite.java:277)
	at io.restassured.internal.ResponseSpecificationImpl$HamcrestAssertionClosure.validate(ResponseSpecificationImpl.groovy:512)
	at io.restassured.internal.ResponseSpecificationImpl$HamcrestAssertionClosure$validate$2.call(Unknown Source)
	at org.codehaus.groovy.runtime.callsite.CallSiteArray.defaultCall(CallSiteArray.java:45)
	at org.codehaus.groovy.runtime.callsite.AbstractCallSite.call(AbstractCallSite.java:125)
	at org.codehaus.groovy.runtime.callsite.AbstractCallSite.call(AbstractCallSite.java:139)
	at io.restassured.internal.ResponseSpecificationImpl.validateResponseIfRequired(ResponseSpecificationImpl.groovy:696)
	at io.restassured.internal.ResponseSpecificationImpl.this$2$validateResponseIfRequired(ResponseSpecificationImpl.groovy)
	at java.base/jdk.internal.reflect.NativeMethodAccessorImpl.invoke0(Native Method)
	at java.base/jdk.internal.reflect.NativeMethodAccessorImpl.invoke(NativeMethodAccessorImpl.java:77)
	at java.base/jdk.internal.reflect.DelegatingMethodAccessorImpl.invoke(DelegatingMethodAccessorImpl.java:43)
	at java.base/java.lang.reflect.Method.invoke(Method.java:568)
	at org.codehaus.groovy.runtime.callsite.PlainObjectMetaMethodSite.doInvoke(PlainObjectMetaMethodSite.java:43)
	at org.codehaus.groovy.runtime.callsite.PogoMetaMethodSite$PogoCachedMethodSiteNoUnwrapNoCoerce.invoke(PogoMetaMethodSite.java:198)
	at org.codehaus.groovy.runtime.callsite.PogoMetaMethodSite.callCurrent(PogoMetaMethodSite.java:62)
	at org.codehaus.groovy.runtime.callsite.CallSiteArray.defaultCallCurrent(CallSiteArray.java:49)
	at org.codehaus.groovy.runtime.callsite.AbstractCallSite.callCurrent(AbstractCallSite.java:171)
	at org.codehaus.groovy.runtime.callsite.AbstractCallSite.callCurrent(AbstractCallSite.java:185)
	at io.restassured.internal.ResponseSpecificationImpl.statusCode(ResponseSpecificationImpl.groovy:135)
	at io.restassured.specification.ResponseSpecification$statusCode$0.callCurrent(Unknown Source)
	at org.codehaus.groovy.runtime.callsite.CallSiteArray.defaultCallCurrent(CallSiteArray.java:49)
	at org.codehaus.groovy.runtime.callsite.AbstractCallSite.callCurrent(AbstractCallSite.java:171)
	at org.codehaus.groovy.runtime.callsite.AbstractCallSite.callCurrent(AbstractCallSite.java:185)
	at io.restassured.internal.ResponseSpecificationImpl.statusCode(ResponseSpecificationImpl.groovy:143)
	at io.restassured.internal.ValidatableResponseOptionsImpl.statusCode(ValidatableResponseOptionsImpl.java:89)
	at starter.user.Product.ResponseProduct.lambda$responseCode200$0(ResponseProduct.java:13)
	at net.serenitybdd.rest.SerenityRest.restAssuredThat(SerenityRest.java:626)
	at starter.user.Product.ResponseProduct.responseCode200(ResponseProduct.java:13)
	at starter.user.Product.ResponseProduct$ByteBuddy$2mgMarsU.responseCode200$accessor$O06GofdO(Unknown Source)
	at java.base/jdk.internal.reflect.NativeMethodAccessorImpl.invoke0(Native Method)
	at java.base/jdk.internal.reflect.NativeMethodAccessorImpl.invoke(NativeMethodAccessorImpl.java:77)
	at java.base/jdk.internal.reflect.DelegatingMethodAccessorImpl.invoke(DelegatingMethodAccessorImpl.java:43)
	at java.base/java.lang.reflect.Method.invoke(Method.java:568)
	at net.thucydides.core.steps.StepInterceptor.invokeMethod(StepInterceptor.java:524)
	at net.thucydides.core.steps.StepInterceptor.executeTestStepMethod(StepInterceptor.java:504)
	at net.thucydides.core.steps.StepInterceptor.runTestStep(StepInterceptor.java:476)
	at net.thucydides.core.steps.StepInterceptor.runOrSkipMethod(StepInterceptor.java:218)
	at net.thucydides.core.steps.StepInterceptor.testStepResult(StepInterceptor.java:205)
	at net.thucydides.core.steps.StepInterceptor.intercept(StepInterceptor.java:93)
	at net.thucydides.core.steps.ProxyConfiguration$InterceptorDispatcher.intercept(ProxyConfiguration.java:51)
	at starter.user.Product.ResponseProduct$ByteBuddy$2mgMarsU.responseCode200(Unknown Source)
	at starter.stepdefinitions.Product.P_GetAllProducts.i_receive_status_code_200(P_GetAllProducts.java:30)
	at ✽.I receive status code 200(file:///home/hafidz/Documents/Belajar/Alterra_Qualiry_Engineer/QE_Muhammad_Hafidz/Miniproject/Restful%20API%20Testing/Test/src/test/resources/features/api/util/Authentication/Login.feature:9)
&amp#27;[0m
  &amp#27;[36mThen &amp#27;[0m&amp#27;[36mMy account is Logged&amp#27;[0m                    &amp#27;[90m# starter.stepdefinitions.Authentication.P_Login.MyAccountIsLogged()&amp#27;[0m
]]></system-out>
  </testcase>
  <testcase name="Register an account with valid email and invalid password" classname="Login to Account" time="5.697"/>
  <testcase name="Register an account with valid input and valid fullname" classname="Register to Account" time="0.492"/>
  <testcase name="Register an account with valid email and invalid password and valid fullname" classname="Register to Account" time="0.186"/>
  <testcase name="User creates an order with valid details" classname="Create Order API" time="0.305"/>
  <testcase name="User creates an order with invalid details" classname="Create Order API" time="0.153">
    <failure message="1 expectation failed.&#10;Expected status code &lt;400&gt; but was &lt;200&gt;.&#10;" type="java.lang.AssertionError"><![CDATA[java.lang.AssertionError: 
1 expectation failed.
Expected status code <400> but was <200>.

]]></failure>
    <system-out><![CDATA[
Scenario: User creates an order with invalid details                          &amp#27;[90m# src/test/resources/features/api/util/Orders/CreateAnOrder.feature:11&amp#27;[0m
21:56:51.148 [main] DEBUG io.cucumber.core.plugin.SerenityReporter -- Running feature from file:///home/hafidz/Documents/Belajar/Alterra_Qualiry_Engineer/QE_Muhammad_Hafidz/Miniproject/Restful%20API%20Testing/Test/src/test/resources/features/api/util/Orders/CreateAnOrder.feature
21:56:51.150 [main] INFO  -- 
  _____   ___   ___   _____     ___   _____     _     ___   _____   ___   ___  
 |_   _| | __| / __| |_   _|   / __| |_   _|   /_\   | _ \ |_   _| | __| |   \ 
   | |   | _|  \__ \   | |     \__ \   | |    / _ \  |   /   | |   | _|  | |) |
   |_|   |___| |___/   |_|     |___/   |_|   /_/ \_\ |_|_\   |_|   |___| |___/ 

User creates an order with invalid details(create-order-api;user-creates-an-order-with-invalid-details)
--------------------------------------------------------------------------------
  &amp#27;[32mGiven &amp#27;[0m&amp#27;[32mI have set order on point&amp#27;[0m                                             &amp#27;[90m# starter.stepdefinitions.Order.P_CreateAnOrder.iHaveSetOrderOnPoint()&amp#27;[0m
21:56:51.159 [main] DEBUG net.thucydides.core.steps.StepInterceptor -- STARTING STEP: P_CreateAnOrder.iSendAPostRequestToTheOrderCreationEndpointWithInvalidData - sendInvalidOrderToServer
21:56:51.162 [main] DEBUG net.thucydides.core.steps.StepInterceptor -- STARTING STEP: CreateAnOrder.sendInvalidOrderToServer - setValidAPIOnPoint
21:56:51.163 [main] DEBUG net.thucydides.core.steps.StepInterceptor -- STEP DONE: setValidAPIOnPoint
21:56:51.276 [main] DEBUG net.thucydides.core.steps.StepInterceptor -- STEP DONE: sendInvalidOrderToServer
  &amp#27;[32mWhen &amp#27;[0m&amp#27;[32mI send a POST request to the order creation endpoint with invalid data&amp#27;[0m &amp#27;[90m# starter.stepdefinitions.Order.P_CreateAnOrder.iSendAPostRequestToTheOrderCreationEndpointWithInvalidData()&amp#27;[0m
21:56:51.282 [main] DEBUG net.thucydides.core.steps.StepInterceptor -- STARTING STEP: P_CreateARating.IReceiveStatusCode400 - responseCode400
  &amp#27;[31mThen &amp#27;[0m&amp#27;[31mI receive status code 400&amp#27;[0m                                              &amp#27;[90m# starter.stepdefinitions.Product.P_CreateARating.IReceiveStatusCode400()&amp#27;[0m
      &amp#27;[31mjava.lang.AssertionError: 1 expectation failed.
Expected status code <400> but was <200>.

	at java.base/jdk.internal.reflect.NativeConstructorAccessorImpl.newInstance0(Native Method)
	at java.base/jdk.internal.reflect.NativeConstructorAccessorImpl.newInstance(NativeConstructorAccessorImpl.java:77)
	at java.base/jdk.internal.reflect.DelegatingConstructorAccessorImpl.newInstance(DelegatingConstructorAccessorImpl.java:45)
	at java.base/java.lang.reflect.Constructor.newInstanceWithCaller(Constructor.java:499)
	at java.base/java.lang.reflect.Constructor.newInstance(Constructor.java:480)
	at org.codehaus.groovy.reflection.CachedConstructor.invoke(CachedConstructor.java:73)
	at org.codehaus.groovy.runtime.callsite.ConstructorSite$ConstructorSiteNoUnwrapNoCoerce.callConstructor(ConstructorSite.java:108)
	at org.codehaus.groovy.runtime.callsite.AbstractCallSite.callConstructor(AbstractCallSite.java:277)
	at io.restassured.internal.ResponseSpecificationImpl$HamcrestAssertionClosure.validate(ResponseSpecificationImpl.groovy:512)
	at io.restassured.internal.ResponseSpecificationImpl$HamcrestAssertionClosure$validate$2.call(Unknown Source)
	at io.restassured.internal.ResponseSpecificationImpl.validateResponseIfRequired(ResponseSpecificationImpl.groovy:696)
	at io.restassured.internal.ResponseSpecificationImpl.this$2$validateResponseIfRequired(ResponseSpecificationImpl.groovy)
	at jdk.internal.reflect.GeneratedMethodAccessor86.invoke(Unknown Source)
	at java.base/jdk.internal.reflect.DelegatingMethodAccessorImpl.invoke(DelegatingMethodAccessorImpl.java:43)
	at java.base/java.lang.reflect.Method.invoke(Method.java:568)
	at org.codehaus.groovy.runtime.callsite.PlainObjectMetaMethodSite.doInvoke(PlainObjectMetaMethodSite.java:43)
	at org.codehaus.groovy.runtime.callsite.PogoMetaMethodSite$PogoCachedMethodSiteNoUnwrapNoCoerce.invoke(PogoMetaMethodSite.java:198)
	at org.codehaus.groovy.runtime.callsite.PogoMetaMethodSite.callCurrent(PogoMetaMethodSite.java:62)
	at org.codehaus.groovy.runtime.callsite.AbstractCallSite.callCurrent(AbstractCallSite.java:185)
	at io.restassured.internal.ResponseSpecificationImpl.statusCode(ResponseSpecificationImpl.groovy:135)
	at io.restassured.specification.ResponseSpecification$statusCode$0.callCurrent(Unknown Source)
	at io.restassured.internal.ResponseSpecificationImpl.statusCode(ResponseSpecificationImpl.groovy:143)
	at io.restassured.internal.ValidatableResponseOptionsImpl.statusCode(ValidatableResponseOptionsImpl.java:89)
	at starter.user.Product.ResponseProduct.lambda$responseCode400$3(ResponseProduct.java:28)
	at net.serenitybdd.rest.SerenityRest.restAssuredThat(SerenityRest.java:626)
	at starter.user.Product.ResponseProduct.responseCode400(ResponseProduct.java:28)
	at starter.user.Product.ResponseProduct$ByteBuddy$2mgMarsU.responseCode400$accessor$O06GofdO(Unknown Source)
	at java.base/jdk.internal.reflect.NativeMethodAccessorImpl.invoke0(Native Method)
	at java.base/jdk.internal.reflect.NativeMethodAccessorImpl.invoke(NativeMethodAccessorImpl.java:77)
	at java.base/jdk.internal.reflect.DelegatingMethodAccessorImpl.invoke(DelegatingMethodAccessorImpl.java:43)
	at java.base/java.lang.reflect.Method.invoke(Method.java:568)
	at net.thucydides.core.steps.StepInterceptor.invokeMethod(StepInterceptor.java:524)
	at net.thucydides.core.steps.StepInterceptor.executeTestStepMethod(StepInterceptor.java:504)
	at net.thucydides.core.steps.StepInterceptor.runTestStep(StepInterceptor.java:476)
	at net.thucydides.core.steps.StepInterceptor.runOrSkipMethod(StepInterceptor.java:218)
	at net.thucydides.core.steps.StepInterceptor.testStepResult(StepInterceptor.java:205)
	at net.thucydides.core.steps.StepInterceptor.intercept(StepInterceptor.java:93)
	at net.thucydides.core.steps.ProxyConfiguration$InterceptorDispatcher.intercept(ProxyConfiguration.java:51)
	at starter.user.Product.ResponseProduct$ByteBuddy$2mgMarsU.responseCode400(Unknown Source)
	at starter.stepdefinitions.Product.P_CreateARating.IReceiveStatusCode400(P_CreateARating.java:35)
	at ✽.I receive status code 400(file:///home/hafidz/Documents/Belajar/Alterra_Qualiry_Engineer/QE_Muhammad_Hafidz/Miniproject/Restful%20API%20Testing/Test/src/test/resources/features/api/util/Orders/CreateAnOrder.feature:14)
&amp#27;[0m
  &amp#27;[36mAnd &amp#27;[0m&amp#27;[36mthe order should not be created in the database&amp#27;[0m                         &amp#27;[90m# starter.stepdefinitions.Order.P_CreateAnOrder.theOrderShouldNotBeCreatedInTheDatabase()&amp#27;[0m
]]></system-out>
  </testcase>
  <testcase name="User creates a rating for a product" classname="Assign a Rating" time="0.201"/>
  <testcase name="User creates a with invalid input" classname="Assign a Rating" time="0.146"/>
  <testcase name="User creates a comment for a product" classname="Comment API" time="0.248"/>
  <testcase name="User creates a with invalid token" classname="Comment API" time="0.174"/>
  <testcase name="Delete a product with valid ID" classname="Delete a product" time="0.121"/>
  <testcase name="Send GET request to retrieve a product with a valid ID" classname="Get a product" time="0.339"/>
  <testcase name="Send GET request to retrieve a product with an invalid ID" classname="Get a product" time="0.167"/>
  <testcase name="Send GET request to get all products" classname="Administrator can get all user" time="1.507"/>
  <testcase name="Send post request to create a product with valid requirement" classname="Create a product with valid input" time="0.198"/>
  <testcase name="Send post request to create a product without name" classname="Create a product with valid input" time="0.135"/>
</testsuite>